<?xml version="1.0" encoding="UTF-8"?>
<!-- Generated by org.testng.reporters.JUnitXMLReporter -->
<testsuite hostname="DESKTOP-RUDLNTM" ignored="0" name="Sample test" tests="11" failures="0" timestamp="19 May 2020 14:48:21 GMT" time="153.724" errors="0">
  <testcase name="UFM_042_Login" time="2.826" classname="com.training.sanity.tests.UFM_042_Test"/>
  <testcase name="UFM_042_CatalogMenu" time="2.468" classname="com.training.sanity.tests.UFM_042_Test"/>
  <testcase name="UFM_042_AddProduct" time="9.632" classname="com.training.sanity.tests.UFM_042_Test"/>
  <testcase name="UFM_046_UserLogin" time="12.557" classname="com.training.sanity.tests.UFM_046_Test"/>
  <testcase name="UFM_046_UserAddProducttoCart" time="9.178" classname="com.training.sanity.tests.UFM_046_Test"/>
  <testcase name="UFM_046_UserPurchaseProduct" time="10.476" classname="com.training.sanity.tests.UFM_046_Test"/>
  <testcase name="UFM_046_UserLogout" time="3.171" classname="com.training.sanity.tests.UFM_046_Test"/>
  <testcase name="UFM_046_AdminLogin" time="7.077" classname="com.training.sanity.tests.UFM_046_Test"/>
  <testcase name="UFM_046_AdminViewOrders" time="2.949" classname="com.training.sanity.tests.UFM_046_Test"/>
  <testcase name="UFM_046_searchOrder" time="0.464" classname="com.training.sanity.tests.UFM_046_Test"/>
  <testcase name="UFM_046_editOrder" time="63.256" classname="com.training.sanity.tests.UFM_046_Test"/>
</testsuite> <!-- Sample test -->
