<?xml version="1.0" encoding="UTF-8"?>
<!-- Generated by org.testng.reporters.JUnitXMLReporter -->
<testsuite hostname="DESKTOP-RUDLNTM" ignored="0" name="Sample test" tests="40" failures="0" timestamp="23 May 2020 17:29:15 GMT" time="1041.397" errors="0">
  <testcase name="UFM_010_Login" time="3.499" classname="com.training.sanity.tests.UFM_010_Test"/>
  <testcase name="UFM_011_Login" time="3.137" classname="com.training.sanity.tests.UFM_011_Test"/>
  <testcase name="UFM_011_CatalogMenu" time="2.965" classname="com.training.sanity.tests.UFM_011_Test"/>
  <testcase name="UFM_011_CategoriesList" time="0.814" classname="com.training.sanity.tests.UFM_011_Test"/>
  <testcase name="UFM_012_Login" time="2.757" classname="com.training.sanity.tests.UFM_012_Test"/>
  <testcase name="UFM_012_CatalogMenu" time="2.529" classname="com.training.sanity.tests.UFM_012_Test"/>
  <testcase name="UFM_012_CatagoriesList" time="0.819" classname="com.training.sanity.tests.UFM_012_Test"/>
  <testcase name="UFM_012_deleteCategory" time="10.889" classname="com.training.sanity.tests.UFM_012_Test"/>
  <testcase name="UFM_041_Login" time="4.322" classname="com.training.sanity.tests.UFM_041_Test"/>
  <testcase name="UFM_041_CatalogMenu" time="4.014" classname="com.training.sanity.tests.UFM_041_Test"/>
  <testcase name="UFM_041_ProductList" time="142.88" classname="com.training.sanity.tests.UFM_041_Test"/>
  <testcase name="UFM_042_Login" time="2.583" classname="com.training.sanity.tests.UFM_042_Test"/>
  <testcase name="UFM_042_CatalogMenu" time="2.935" classname="com.training.sanity.tests.UFM_042_Test"/>
  <testcase name="UFM_042_AddProduct" time="11.293" classname="com.training.sanity.tests.UFM_042_Test"/>
  <testcase name="UFM_046_UserLogin" time="13.279" classname="com.training.sanity.tests.UFM_046_Test"/>
  <testcase name="UFM_046_UserAddProducttoCart" time="12.907" classname="com.training.sanity.tests.UFM_046_Test"/>
  <testcase name="UFM_046_UserPurchaseProduct" time="10.85" classname="com.training.sanity.tests.UFM_046_Test"/>
  <testcase name="UFM_046_UserLogout" time="3.5" classname="com.training.sanity.tests.UFM_046_Test"/>
  <testcase name="UFM_046_AdminLogin" time="7.96" classname="com.training.sanity.tests.UFM_046_Test"/>
  <testcase name="UFM_046_AdminViewOrders" time="3.641" classname="com.training.sanity.tests.UFM_046_Test"/>
  <testcase name="UFM_046_searchOrder" time="0.591" classname="com.training.sanity.tests.UFM_046_Test"/>
  <testcase name="UFM_046_editOrder" time="40.782" classname="com.training.sanity.tests.UFM_046_Test"/>
  <testcase name="UFM_070_UserAddProducttoCart" time="18.229" classname="com.training.sanity.tests.UFM_070_Test"/>
  <testcase name="UFM_070_UserPurchaseProduct" time="14.874" classname="com.training.sanity.tests.UFM_070_Test"/>
  <testcase name="UFM_070_UserLogout" time="3.638" classname="com.training.sanity.tests.UFM_070_Test"/>
  <testcase name="UFM_070_AdminLogin" time="8.233" classname="com.training.sanity.tests.UFM_070_Test"/>
  <testcase name="UFM_070_AdminViewOrders" time="3.564" classname="com.training.sanity.tests.UFM_070_Test"/>
  <testcase name="UFM_070_searchOrder" time="0.603" classname="com.training.sanity.tests.UFM_070_Test"/>
  <testcase name="UFM_070_viewOrder" time="3.761" classname="com.training.sanity.tests.UFM_070_Test"/>
  <testcase name="UFM_070_LogoutAdmin" time="1.105" classname="com.training.sanity.tests.UFM_070_Test"/>
  <testcase name="UFM_070_UserLogin" time="9.044" classname="com.training.sanity.tests.UFM_070_Test"/>
  <testcase name="UFM_070_verifyOrderStatus" time="1.803" classname="com.training.sanity.tests.UFM_070_Test"/>
  <testcase name="loginDBTest" time="52.54" classname="com.training.sanity.tests.UFM_071_Test"/>
  <testcase name="loginDBTest" time="43.338" classname="com.training.sanity.tests.UFM_071_Test"/>
  <testcase name="loginDBTest" time="43.49" classname="com.training.sanity.tests.UFM_071_Test"/>
  <testcase name="loginDBTest" time="42.672" classname="com.training.sanity.tests.UFM_071_Test"/>
  <testcase name="UFM_072_adminEditProduct" time="115.944" classname="com.training.sanity.tests.UFM_072_Test"/>
  <testcase name="UFM_072_adminEditProduct" time="94.162" classname="com.training.sanity.tests.UFM_072_Test"/>
  <testcase name="UFM_072_adminEditProduct" time="95.109" classname="com.training.sanity.tests.UFM_072_Test"/>
  <testcase name="UFM_072_adminEditProduct" time="103.26" classname="com.training.sanity.tests.UFM_072_Test"/>
</testsuite> <!-- Sample test -->
