<?xml version="1.0" encoding="UTF-8"?>
<!-- Generated by org.testng.reporters.JUnitXMLReporter -->
<testsuite hostname="DESKTOP-RUDLNTM" ignored="4" name="Default test" tests="4" failures="0" timestamp="19 May 2020 14:18:14 GMT" time="88.122" errors="0">
  <testcase name="UFM_046_AdminLogin" time="7.573" classname="com.training.sanity.tests.UFM_046_Test"/>
  <testcase name="UFM_046_AdminViewOrders" time="4.232" classname="com.training.sanity.tests.UFM_046_Test"/>
  <testcase name="UFM_046_searchOrder" time="0.628" classname="com.training.sanity.tests.UFM_046_Test"/>
  <testcase name="UFM_046_editOrder" time="62.911" classname="com.training.sanity.tests.UFM_046_Test"/>
  <testcase name="UFM_046_UserLogin" time="0.0" classname="com.training.sanity.tests.UFM_046_Test">
    <ignored/>
  </testcase> <!-- UFM_046_UserLogin -->
  <testcase name="UFM_046_UserAddProducttoCart" time="0.0" classname="com.training.sanity.tests.UFM_046_Test">
    <ignored/>
  </testcase> <!-- UFM_046_UserAddProducttoCart -->
  <testcase name="UFM_046_UserPurchaseProduct" time="0.0" classname="com.training.sanity.tests.UFM_046_Test">
    <ignored/>
  </testcase> <!-- UFM_046_UserPurchaseProduct -->
  <testcase name="UFM_046_UserLogout" time="0.0" classname="com.training.sanity.tests.UFM_046_Test">
    <ignored/>
  </testcase> <!-- UFM_046_UserLogout -->
</testsuite> <!-- Default test -->
